<?xml version="1.0" encoding="UTF-8"?>
<testsuite name="Flujo  Delivery Android" tests="1" skipped="0" failures="0" errors="0" timestamp="2022-08-06T02:32:11" hostname="ISRA" time="47.638">
  <properties/>
  <testcase name="" classname="Flujo  Delivery Android" time="47.638"/>
  <system-out><![CDATA[
Scenario:                                ?[90m# src/test/resources/features/android/DeliveryAndroid.feature:7?[0m
  ?[32mGiven ?[0m?[32mAbrir Aplicacion en BrowserStack?[0m ?[90m# cucumber.hooks.Hook.abrir_aplicacion_en_browser_stack()?[0m
  ?[32mWhen ?[0m?[32mSeleccionar Pais ?[0m?[32m?[1m"Chile"?[0m          ?[90m# cucumber.steps.AndroidSteps.seleccionarPais(java.lang.String)?[0m
]]></system-out>
  <system-err><![CDATA[Aug 05, 2022 10:32:40 PM io.appium.java_client.remote.AppiumCommandExecutor$1 lambda$0
INFO: Detected dialect: OSS
]]></system-err>
</testsuite>
